[21:47:18] [Datafixer Bootstrap/INFO]: 226 Datafixer optimizations took 373 milliseconds
[21:47:23] [Render thread/INFO]: Environment: Environment[sessionHost=https://sessionserver.mojang.com, servicesHost=https://api.minecraftservices.com, name=PROD]
[21:47:23] [Render thread/INFO]: Setting user: sorgDream-debug
[21:47:24] [Render thread/INFO]: Backend library: LWJGL version 3.3.3+5
[21:47:25] [Render thread/INFO]: Reloading ResourceManager: vanilla
[21:47:25] [Worker-Main-3/INFO]: Found unifont_all_no_pua-15.1.05.hex, loading
[21:47:25] [Worker-Main-6/INFO]: Found unifont_jp_patch-15.1.05.hex, loading
[21:47:26] [Render thread/WARN]: Missing sound for event: minecraft:item.goat_horn.play
[21:47:26] [Render thread/WARN]: Missing sound for event: minecraft:entity.goat.screaming.horn_break
[21:47:26] [Render thread/INFO]: OpenAL initialized on device Family 17h/19h HD Audio Controller Speaker + Headphones
[21:47:26] [Render thread/INFO]: Sound engine started
[21:47:27] [Render thread/INFO]: Created: 1024x512x4 minecraft:textures/atlas/blocks.png-atlas
[21:47:27] [Render thread/INFO]: Created: 256x256x4 minecraft:textures/atlas/signs.png-atlas
[21:47:27] [Render thread/INFO]: Created: 512x512x4 minecraft:textures/atlas/shield_patterns.png-atlas
[21:47:27] [Render thread/INFO]: Created: 512x512x4 minecraft:textures/atlas/banner_patterns.png-atlas
[21:47:27] [Render thread/INFO]: Created: 1024x1024x4 minecraft:textures/atlas/armor_trims.png-atlas
[21:47:27] [Render thread/INFO]: Created: 128x64x4 minecraft:textures/atlas/decorated_pot.png-atlas
[21:47:27] [Render thread/INFO]: Created: 256x256x4 minecraft:textures/atlas/chest.png-atlas
[21:47:27] [Render thread/INFO]: Created: 512x256x4 minecraft:textures/atlas/shulker_boxes.png-atlas
[21:47:27] [Render thread/INFO]: Created: 512x256x4 minecraft:textures/atlas/beds.png-atlas
[21:47:27] [Render thread/INFO]: Created: 512x256x0 minecraft:textures/atlas/particles.png-atlas
[21:47:27] [Render thread/INFO]: Created: 512x256x0 minecraft:textures/atlas/paintings.png-atlas
[21:47:27] [Render thread/INFO]: Created: 256x128x0 minecraft:textures/atlas/mob_effects.png-atlas
[21:47:27] [Render thread/INFO]: Created: 64x64x0 minecraft:textures/atlas/map_decorations.png-atlas
[21:47:27] [Render thread/INFO]: Created: 1024x512x0 minecraft:textures/atlas/gui.png-atlas
[21:47:27] [Render thread/WARN]: Shader rendertype_entity_translucent_emissive could not find sampler named Sampler2 in the specified shader program.
[21:47:45] [Render thread/INFO]: Loaded 1290 recipes
[21:47:45] [Render thread/INFO]: Loaded 1399 advancements
[21:47:52] [Render thread/INFO]: Stopping!
